CRITICAL - 2023-09-29 15:09:18 --> include(partial/header.php): failed to open stream: No such file or directory
in APPPATH/Views/index.php on line 1.
 1 APPPATH/Views/index.php(1): CodeIgniter\Debug\Exceptions->errorHandler()
 2 APPPATH/Views/index.php(1): include()
 3 SYSTEMPATH/View/View.php(226): include('/storage/ssd3/333/21138333/public_html/app/Views/index.php')
 4 SYSTEMPATH/View/View.php(229): CodeIgniter\View\View->CodeIgniter\View\{closure}()
 5 SYSTEMPATH/Common.php(1188): CodeIgniter\View\View->render()
 6 APPPATH/Controllers/Home.php(9): view()
 7 SYSTEMPATH/CodeIgniter.php(919): App\Controllers\Home->index()
 8 SYSTEMPATH/CodeIgniter.php(494): CodeIgniter\CodeIgniter->runController()
 9 SYSTEMPATH/CodeIgniter.php(353): CodeIgniter\CodeIgniter->handleRequest()
10 FCPATH/index.php(79): CodeIgniter\CodeIgniter->run()
CRITICAL - 2023-09-29 15:09:39 --> include(partial/header.php): failed to open stream: No such file or directory
in APPPATH/Views/index.php on line 1.
 1 APPPATH/Views/index.php(1): CodeIgniter\Debug\Exceptions->errorHandler()
 2 APPPATH/Views/index.php(1): include()
 3 SYSTEMPATH/View/View.php(226): include('/storage/ssd3/333/21138333/public_html/app/Views/index.php')
 4 SYSTEMPATH/View/View.php(229): CodeIgniter\View\View->CodeIgniter\View\{closure}()
 5 SYSTEMPATH/Common.php(1188): CodeIgniter\View\View->render()
 6 APPPATH/Controllers/Home.php(9): view()
 7 SYSTEMPATH/CodeIgniter.php(919): App\Controllers\Home->index()
 8 SYSTEMPATH/CodeIgniter.php(494): CodeIgniter\CodeIgniter->runController()
 9 SYSTEMPATH/CodeIgniter.php(353): CodeIgniter\CodeIgniter->handleRequest()
10 FCPATH/index.php(79): CodeIgniter\CodeIgniter->run()
CRITICAL - 2023-09-29 15:09:40 --> include(partial/header.php): failed to open stream: No such file or directory
in APPPATH/Views/index.php on line 1.
 1 APPPATH/Views/index.php(1): CodeIgniter\Debug\Exceptions->errorHandler()
 2 APPPATH/Views/index.php(1): include()
 3 SYSTEMPATH/View/View.php(226): include('/storage/ssd3/333/21138333/public_html/app/Views/index.php')
 4 SYSTEMPATH/View/View.php(229): CodeIgniter\View\View->CodeIgniter\View\{closure}()
 5 SYSTEMPATH/Common.php(1188): CodeIgniter\View\View->render()
 6 APPPATH/Controllers/Home.php(9): view()
 7 SYSTEMPATH/CodeIgniter.php(919): App\Controllers\Home->index()
 8 SYSTEMPATH/CodeIgniter.php(494): CodeIgniter\CodeIgniter->runController()
 9 SYSTEMPATH/CodeIgniter.php(353): CodeIgniter\CodeIgniter->handleRequest()
10 FCPATH/index.php(79): CodeIgniter\CodeIgniter->run()
CRITICAL - 2023-09-29 15:09:43 --> include(partial/header.php): failed to open stream: No such file or directory
in APPPATH/Views/index.php on line 1.
 1 APPPATH/Views/index.php(1): CodeIgniter\Debug\Exceptions->errorHandler()
 2 APPPATH/Views/index.php(1): include()
 3 SYSTEMPATH/View/View.php(226): include('/storage/ssd3/333/21138333/public_html/app/Views/index.php')
 4 SYSTEMPATH/View/View.php(229): CodeIgniter\View\View->CodeIgniter\View\{closure}()
 5 SYSTEMPATH/Common.php(1188): CodeIgniter\View\View->render()
 6 APPPATH/Controllers/Home.php(9): view()
 7 SYSTEMPATH/CodeIgniter.php(919): App\Controllers\Home->index()
 8 SYSTEMPATH/CodeIgniter.php(494): CodeIgniter\CodeIgniter->runController()
 9 SYSTEMPATH/CodeIgniter.php(353): CodeIgniter\CodeIgniter->handleRequest()
10 FCPATH/index.php(79): CodeIgniter\CodeIgniter->run()
CRITICAL - 2023-09-29 15:09:46 --> include(partial/header.php): failed to open stream: No such file or directory
in APPPATH/Views/index.php on line 1.
 1 APPPATH/Views/index.php(1): CodeIgniter\Debug\Exceptions->errorHandler()
 2 APPPATH/Views/index.php(1): include()
 3 SYSTEMPATH/View/View.php(226): include('/storage/ssd3/333/21138333/public_html/app/Views/index.php')
 4 SYSTEMPATH/View/View.php(229): CodeIgniter\View\View->CodeIgniter\View\{closure}()
 5 SYSTEMPATH/Common.php(1188): CodeIgniter\View\View->render()
 6 APPPATH/Controllers/Home.php(9): view()
 7 SYSTEMPATH/CodeIgniter.php(919): App\Controllers\Home->index()
 8 SYSTEMPATH/CodeIgniter.php(494): CodeIgniter\CodeIgniter->runController()
 9 SYSTEMPATH/CodeIgniter.php(353): CodeIgniter\CodeIgniter->handleRequest()
10 FCPATH/index.php(79): CodeIgniter\CodeIgniter->run()
CRITICAL - 2023-09-29 15:09:48 --> include(partial/header.php): failed to open stream: No such file or directory
in APPPATH/Views/index.php on line 1.
 1 APPPATH/Views/index.php(1): CodeIgniter\Debug\Exceptions->errorHandler()
 2 APPPATH/Views/index.php(1): include()
 3 SYSTEMPATH/View/View.php(226): include('/storage/ssd3/333/21138333/public_html/app/Views/index.php')
 4 SYSTEMPATH/View/View.php(229): CodeIgniter\View\View->CodeIgniter\View\{closure}()
 5 SYSTEMPATH/Common.php(1188): CodeIgniter\View\View->render()
 6 APPPATH/Controllers/Home.php(9): view()
 7 SYSTEMPATH/CodeIgniter.php(919): App\Controllers\Home->index()
 8 SYSTEMPATH/CodeIgniter.php(494): CodeIgniter\CodeIgniter->runController()
 9 SYSTEMPATH/CodeIgniter.php(353): CodeIgniter\CodeIgniter->handleRequest()
10 FCPATH/index.php(79): CodeIgniter\CodeIgniter->run()
CRITICAL - 2023-09-29 15:10:33 --> include(partial/header.php): failed to open stream: No such file or directory
in APPPATH/Views/index.php on line 1.
 1 APPPATH/Views/index.php(1): CodeIgniter\Debug\Exceptions->errorHandler()
 2 APPPATH/Views/index.php(1): include()
 3 SYSTEMPATH/View/View.php(226): include('/storage/ssd3/333/21138333/public_html/app/Views/index.php')
 4 SYSTEMPATH/View/View.php(229): CodeIgniter\View\View->CodeIgniter\View\{closure}()
 5 SYSTEMPATH/Common.php(1188): CodeIgniter\View\View->render()
 6 APPPATH/Controllers/Home.php(9): view()
 7 SYSTEMPATH/CodeIgniter.php(919): App\Controllers\Home->index()
 8 SYSTEMPATH/CodeIgniter.php(494): CodeIgniter\CodeIgniter->runController()
 9 SYSTEMPATH/CodeIgniter.php(353): CodeIgniter\CodeIgniter->handleRequest()
10 FCPATH/index.php(79): CodeIgniter\CodeIgniter->run()
CRITICAL - 2023-09-29 15:10:37 --> include(partial/header.php): failed to open stream: No such file or directory
in APPPATH/Views/index.php on line 1.
 1 APPPATH/Views/index.php(1): CodeIgniter\Debug\Exceptions->errorHandler()
 2 APPPATH/Views/index.php(1): include()
 3 SYSTEMPATH/View/View.php(226): include('/storage/ssd3/333/21138333/public_html/app/Views/index.php')
 4 SYSTEMPATH/View/View.php(229): CodeIgniter\View\View->CodeIgniter\View\{closure}()
 5 SYSTEMPATH/Common.php(1188): CodeIgniter\View\View->render()
 6 APPPATH/Controllers/Home.php(9): view()
 7 SYSTEMPATH/CodeIgniter.php(919): App\Controllers\Home->index()
 8 SYSTEMPATH/CodeIgniter.php(494): CodeIgniter\CodeIgniter->runController()
 9 SYSTEMPATH/CodeIgniter.php(353): CodeIgniter\CodeIgniter->handleRequest()
10 FCPATH/index.php(79): CodeIgniter\CodeIgniter->run()
CRITICAL - 2023-09-29 15:10:54 --> include(partial/header.php): failed to open stream: No such file or directory
in APPPATH/Views/index.php on line 1.
 1 APPPATH/Views/index.php(1): CodeIgniter\Debug\Exceptions->errorHandler()
 2 APPPATH/Views/index.php(1): include()
 3 SYSTEMPATH/View/View.php(226): include('/storage/ssd3/333/21138333/public_html/app/Views/index.php')
 4 SYSTEMPATH/View/View.php(229): CodeIgniter\View\View->CodeIgniter\View\{closure}()
 5 SYSTEMPATH/Common.php(1188): CodeIgniter\View\View->render()
 6 APPPATH/Controllers/Home.php(9): view()
 7 SYSTEMPATH/CodeIgniter.php(919): App\Controllers\Home->index()
 8 SYSTEMPATH/CodeIgniter.php(494): CodeIgniter\CodeIgniter->runController()
 9 SYSTEMPATH/CodeIgniter.php(353): CodeIgniter\CodeIgniter->handleRequest()
10 FCPATH/index.php(79): CodeIgniter\CodeIgniter->run()
